<?xml version="1.0" encoding="UTF-8"?>
<!-- Generated by org.testng.reporters.JUnitReportReporter -->
<testsuite hostname="SF-LAP-655" failures="0" tests="1" name="com.selenium_maven.qa.testcases.LoginTest" time="14.275" errors="0" timestamp="2023-11-02T11:03:20 IST" skipped="0">
  <testcase classname="com.selenium_maven.qa.testcases.LoginTest" name="Checklogin" time="14.275"/>
</testsuite> <!-- com.selenium_maven.qa.testcases.LoginTest -->
