<?xml version="1.0" encoding="UTF-8"?>
<!-- Generated by org.testng.reporters.JUnitReportReporter -->
<testsuite hostname="SF-LAP-655" failures="0" tests="1" name="com.selenium_maven.qa.testcases.LoginTest" time="7.057" errors="0" timestamp="2023-12-14T15:31:47 IST" skipped="0">
  <testcase classname="com.selenium_maven.qa.testcases.LoginTest" name="Checklogin" time="7.057"/>
</testsuite> <!-- com.selenium_maven.qa.testcases.LoginTest -->
