<?xml version="1.0" encoding="UTF-8"?>
<!-- Generated by org.testng.reporters.JUnitReportReporter -->
<testsuite hostname="SF-LAP-655" failures="0" tests="1" name="com.selenium_maven.qa.testcases.LoginTest2" time="8.196" errors="0" timestamp="2024-01-15T14:31:03 IST" skipped="0">
  <testcase classname="com.selenium_maven.qa.testcases.LoginTest2" name="Checklogin" time="8.196"/>
</testsuite> <!-- com.selenium_maven.qa.testcases.LoginTest2 -->
